<?xml version="1.0" encoding="UTF-8"?>
<!-- Generated by org.testng.reporters.JUnitXMLReporter -->
<testsuite ignored="0" hostname="TTNPL-lavishakapoor" failures="1" tests="2" name="Banking Login Test" time="25.941" errors="0" timestamp="26 May 2023 10:47:25 GMT">
  <testcase classname="com.demoFramework_v1.testCases.TC_LoginTestDDT_01" name="loginDDT" time="13.259"/>
  <testcase classname="com.demoFramework_v1.testCases.TC_LoginTestDDT_01" name="loginDDT" time="6.054">
    <failure type="java.lang.AssertionError">
      <![CDATA[java.lang.AssertionError
at org.junit.Assert.fail(Assert.java:86)
at org.junit.Assert.assertTrue(Assert.java:41)
at org.junit.Assert.assertTrue(Assert.java:52)
at com.demoFramework_v1.testCases.TC_LoginTestDDT_01.loginDDT(TC_LoginTestDDT_01.java:34)
... Removed 23 stack frames]]>
    </failure>
  </testcase> <!-- loginDDT -->
</testsuite> <!-- Banking Login Test -->
